<?xml version="1.0" encoding="UTF-8"?>
<!-- Generated by org.testng.reporters.JUnitReportReporter -->
<testsuite skipped="0" hostname="DESKTOP-BOSJ1KQ" name="com.actitime.testscript.CreateCustomer" tests="1" failures="0" timestamp="2022-10-02T17:15:21 IST" time="20.431" errors="0">
  <testcase name="createCustomer" time="20.431" classname="com.actitime.testscript.CreateCustomer"/>
  <system-out/>
</testsuite> <!-- com.actitime.testscript.CreateCustomer -->
